<?xml version="1.0" encoding="UTF-8"?>
<!-- Generated by org.testng.reporters.JUnitReportReporter -->
<testsuite skipped="0" hostname="ISIPL-PUNV-L247" name="Test02_GET" tests="1" failures="0" timestamp="2022-04-04T15:20:32 IST" time="0.492" errors="0">
  <testcase name="test_02" time="0.492" classname="Test02_GET"/>
  <system-out/>
</testsuite> <!-- Test02_GET -->
