<?xml version="1.0" encoding="UTF-8"?>
<!-- Generated by org.testng.reporters.JUnitReportReporter -->
<testsuite skipped="0" hostname="ISIPL-PUNV-L247" name="googleTest.serializeTest" tests="1" failures="0" timestamp="2022-04-14T12:12:57 IST" time="4.576" errors="0">
  <testcase name="test" time="4.576" classname="googleTest.serializeTest"/>
  <system-out/>
</testsuite> <!-- googleTest.serializeTest -->
