<?xml version="1.0" encoding="UTF-8"?>
<!-- Generated by org.testng.reporters.JUnitReportReporter -->
<testsuite skipped="0" hostname="ISIPL-PUNV-L247" name="googleTest.SpecBuilderTest" tests="1" failures="0" timestamp="2022-04-18T11:36:42 IST" time="2.271" errors="0">
  <testcase name="test" time="2.271" classname="googleTest.SpecBuilderTest"/>
  <system-out/>
</testsuite> <!-- googleTest.SpecBuilderTest -->
