<?xml version="1.0" encoding="UTF-8"?>
<!-- Generated by org.testng.reporters.JUnitReportReporter -->
<testsuite skipped="0" hostname="ISIPL-PUNV-L247" name="CheckPost" tests="1" failures="0" timestamp="2022-04-08T17:02:20 IST" time="9.236" errors="0">
  <testcase name="test_post" time="9.236" classname="CheckPost"/>
  <system-out/>
</testsuite> <!-- CheckPost -->
