<?xml version="1.0" encoding="UTF-8"?>
<!-- Generated by org.testng.reporters.JUnitReportReporter -->
<testsuite skipped="0" hostname="ISIPL-PUNV-L247" name="realtime.Jira_AddComment" tests="1" failures="0" timestamp="2022-04-08T18:55:17 IST" time="5.490" errors="0">
  <testcase name="jiratest" time="5.490" classname="realtime.Jira_AddComment"/>
  <system-out/>
</testsuite> <!-- realtime.Jira_AddComment -->
