<?xml version="1.0" encoding="UTF-8"?>
<!-- Generated by org.testng.reporters.JUnitReportReporter -->
<testsuite skipped="0" hostname="ISIPL-PUNV-L247" name="Test01_GET" tests="1" failures="0" timestamp="2022-04-04T15:20:32 IST" time="2.742" errors="0">
  <testcase name="test_01" time="2.742" classname="Test01_GET"/>
  <system-out/>
</testsuite> <!-- Test01_GET -->
