<?xml version="1.0" encoding="UTF-8"?>
<!-- Generated by org.testng.reporters.JUnitReportReporter -->
<testsuite skipped="0" hostname="ISIPL-PUNV-L247" name="dynamic.DynamicJson" tests="3" failures="0" timestamp="2022-04-06T17:12:55 IST" time="2.810" errors="0">
  <testcase name="addBook" time="0.115" classname="dynamic.DynamicJson"/>
  <system-out/>
  <testcase name="addBook" time="2.586" classname="dynamic.DynamicJson"/>
  <system-out/>
  <testcase name="addBook" time="0.109" classname="dynamic.DynamicJson"/>
  <system-out/>
</testsuite> <!-- dynamic.DynamicJson -->
