<?xml version="1.0" encoding="UTF-8"?>
<!-- Generated by org.testng.reporters.JUnitReportReporter -->
<testsuite skipped="0" hostname="ISIPL-PUNV-L247" name="oauth_2.test1" tests="1" failures="0" timestamp="2022-04-13T15:56:54 IST" time="4.542" errors="0">
  <testcase name="auth1" time="4.542" classname="oauth_2.test1"/>
  <system-out/>
</testsuite> <!-- oauth_2.test1 -->
