<?xml version="1.0" encoding="UTF-8"?>
<!-- Generated by org.testng.reporters.JUnitReportReporter -->
<testsuite skipped="0" hostname="ISIPL-PUNV-L247" name="Tests_POST" tests="1" failures="0" timestamp="2022-04-04T15:20:32 IST" time="0.909" errors="0">
  <testcase name="test_1_post" time="0.909" classname="Tests_POST"/>
  <system-out/>
</testsuite> <!-- Tests_POST -->
