<?xml version="1.0" encoding="UTF-8"?>
<!-- Generated by org.testng.reporters.JUnitReportReporter -->
<testsuite skipped="0" hostname="ISIPL-PUNV-L247" name="Tests_GET" tests="1" failures="0" timestamp="2022-04-06T11:42:36 IST" time="2.303" errors="0">
  <testcase name="test_1_get" time="2.303" classname="Tests_GET"/>
  <system-out/>
</testsuite> <!-- Tests_GET -->
