<?xml version="1.0" encoding="UTF-8"?>
<!-- Generated by org.testng.reporters.JUnitReportReporter -->
<testsuite skipped="0" hostname="ISIPL-PUNV-L247" name="NestedJson" tests="1" failures="0" timestamp="2022-04-06T14:01:15 IST" time="1.142" errors="0">
  <testcase name="test" time="1.142" classname="NestedJson"/>
  <system-out/>
</testsuite> <!-- NestedJson -->
